running egg_info
writing ../../build/challenge1/challenge1.egg-info/PKG-INFO
writing dependency_links to ../../build/challenge1/challenge1.egg-info/dependency_links.txt
writing entry points to ../../build/challenge1/challenge1.egg-info/entry_points.txt
writing requirements to ../../build/challenge1/challenge1.egg-info/requires.txt
writing top-level names to ../../build/challenge1/challenge1.egg-info/top_level.txt
reading manifest file '../../build/challenge1/challenge1.egg-info/SOURCES.txt'
writing manifest file '../../build/challenge1/challenge1.egg-info/SOURCES.txt'
running build
running build_py
copying challenge1/process.py -> /home/brunene/MR_challenge1/build/challenge1/build/lib/challenge1
copying challenge1/signal_generator.py -> /home/brunene/MR_challenge1/build/challenge1/build/lib/challenge1
running install
running install_lib
copying /home/brunene/MR_challenge1/build/challenge1/build/lib/challenge1/process.py -> /home/brunene/MR_challenge1/install/challenge1/lib/python3.10/site-packages/challenge1
copying /home/brunene/MR_challenge1/build/challenge1/build/lib/challenge1/signal_generator.py -> /home/brunene/MR_challenge1/install/challenge1/lib/python3.10/site-packages/challenge1
byte-compiling /home/brunene/MR_challenge1/install/challenge1/lib/python3.10/site-packages/challenge1/process.py to process.cpython-310.pyc
byte-compiling /home/brunene/MR_challenge1/install/challenge1/lib/python3.10/site-packages/challenge1/signal_generator.py to signal_generator.cpython-310.pyc
running install_data
copying package.xml -> /home/brunene/MR_challenge1/install/challenge1/share/challenge1
creating /home/brunene/MR_challenge1/install/challenge1/share/challenge1/launch
copying launch/challenge_launch.py -> /home/brunene/MR_challenge1/install/challenge1/share/challenge1/launch
running install_egg_info
removing '/home/brunene/MR_challenge1/install/challenge1/lib/python3.10/site-packages/challenge1-0.0.0-py3.10.egg-info' (and everything under it)
Copying ../../build/challenge1/challenge1.egg-info to /home/brunene/MR_challenge1/install/challenge1/lib/python3.10/site-packages/challenge1-0.0.0-py3.10.egg-info
running install_scripts
Installing process script to /home/brunene/MR_challenge1/install/challenge1/lib/challenge1
Installing signal_generator script to /home/brunene/MR_challenge1/install/challenge1/lib/challenge1
writing list of installed files to '/home/brunene/MR_challenge1/build/challenge1/install.log'
