[0.428s] Invoking command in '/home/brunene/MR_challenge1/src/challenge1': CONDA_PROMPT_MODIFIER=(base) PYTHONPATH=/home/brunene/MR_challenge1/build/challenge1/prefix_override:/usr/lib/python3/dist-packages/colcon_core/task/python/colcon_distutils_commands:/home/brunene/MR_challenge1/install/challenge1/lib/python3.10/site-packages:${PYTHONPATH} /usr/bin/python3 -W ignore:setup.py install is deprecated -W ignore:easy_install command is deprecated setup.py egg_info --egg-base ../../build/challenge1 build --build-base /home/brunene/MR_challenge1/build/challenge1/build install --record /home/brunene/MR_challenge1/build/challenge1/install.log --single-version-externally-managed install_data
[0.592s] running egg_info
[0.593s] writing ../../build/challenge1/challenge1.egg-info/PKG-INFO
[0.593s] writing dependency_links to ../../build/challenge1/challenge1.egg-info/dependency_links.txt
[0.593s] writing entry points to ../../build/challenge1/challenge1.egg-info/entry_points.txt
[0.593s] writing requirements to ../../build/challenge1/challenge1.egg-info/requires.txt
[0.593s] writing top-level names to ../../build/challenge1/challenge1.egg-info/top_level.txt
[0.594s] reading manifest file '../../build/challenge1/challenge1.egg-info/SOURCES.txt'
[0.595s] writing manifest file '../../build/challenge1/challenge1.egg-info/SOURCES.txt'
[0.595s] running build
[0.595s] running build_py
[0.595s] running install
[0.595s] running install_lib
[0.596s] running install_data
[0.596s] running install_egg_info
[0.597s] removing '/home/brunene/MR_challenge1/install/challenge1/lib/python3.10/site-packages/challenge1-0.0.0-py3.10.egg-info' (and everything under it)
[0.598s] Copying ../../build/challenge1/challenge1.egg-info to /home/brunene/MR_challenge1/install/challenge1/lib/python3.10/site-packages/challenge1-0.0.0-py3.10.egg-info
[0.598s] running install_scripts
[0.613s] Installing process script to /home/brunene/MR_challenge1/install/challenge1/lib/challenge1
[0.613s] Installing signal_generator script to /home/brunene/MR_challenge1/install/challenge1/lib/challenge1
[0.613s] writing list of installed files to '/home/brunene/MR_challenge1/build/challenge1/install.log'
[0.631s] Invoked command in '/home/brunene/MR_challenge1/src/challenge1' returned '0': CONDA_PROMPT_MODIFIER=(base) PYTHONPATH=/home/brunene/MR_challenge1/build/challenge1/prefix_override:/usr/lib/python3/dist-packages/colcon_core/task/python/colcon_distutils_commands:/home/brunene/MR_challenge1/install/challenge1/lib/python3.10/site-packages:${PYTHONPATH} /usr/bin/python3 -W ignore:setup.py install is deprecated -W ignore:easy_install command is deprecated setup.py egg_info --egg-base ../../build/challenge1 build --build-base /home/brunene/MR_challenge1/build/challenge1/build install --record /home/brunene/MR_challenge1/build/challenge1/install.log --single-version-externally-managed install_data
