[0.406s] Invoking command in '/home/brunene/MR_challenge1/src/challenge1': CONDA_PROMPT_MODIFIER=(base) PYTHONPATH=/home/brunene/MR_challenge1/build/challenge1/prefix_override:/usr/lib/python3/dist-packages/colcon_core/task/python/colcon_distutils_commands:/home/brunene/MR_challenge1/install/challenge1/lib/python3.10/site-packages:${PYTHONPATH} /usr/bin/python3 -W ignore:setup.py install is deprecated -W ignore:easy_install command is deprecated setup.py egg_info --egg-base ../../build/challenge1 build --build-base /home/brunene/MR_challenge1/build/challenge1/build install --record /home/brunene/MR_challenge1/build/challenge1/install.log --single-version-externally-managed install_data
[0.564s] running egg_info
[0.564s] writing ../../build/challenge1/challenge1.egg-info/PKG-INFO
[0.564s] writing dependency_links to ../../build/challenge1/challenge1.egg-info/dependency_links.txt
[0.565s] writing entry points to ../../build/challenge1/challenge1.egg-info/entry_points.txt
[0.565s] writing requirements to ../../build/challenge1/challenge1.egg-info/requires.txt
[0.565s] writing top-level names to ../../build/challenge1/challenge1.egg-info/top_level.txt
[0.566s] reading manifest file '../../build/challenge1/challenge1.egg-info/SOURCES.txt'
[0.566s] writing manifest file '../../build/challenge1/challenge1.egg-info/SOURCES.txt'
[0.566s] running build
[0.566s] running build_py
[0.566s] copying challenge1/process.py -> /home/brunene/MR_challenge1/build/challenge1/build/lib/challenge1
[0.567s] running install
[0.567s] running install_lib
[0.567s] copying /home/brunene/MR_challenge1/build/challenge1/build/lib/challenge1/process.py -> /home/brunene/MR_challenge1/install/challenge1/lib/python3.10/site-packages/challenge1
[0.568s] byte-compiling /home/brunene/MR_challenge1/install/challenge1/lib/python3.10/site-packages/challenge1/process.py to process.cpython-310.pyc
[0.568s] running install_data
[0.568s] running install_egg_info
[0.569s] removing '/home/brunene/MR_challenge1/install/challenge1/lib/python3.10/site-packages/challenge1-0.0.0-py3.10.egg-info' (and everything under it)
[0.570s] Copying ../../build/challenge1/challenge1.egg-info to /home/brunene/MR_challenge1/install/challenge1/lib/python3.10/site-packages/challenge1-0.0.0-py3.10.egg-info
[0.570s] running install_scripts
[0.585s] Installing process script to /home/brunene/MR_challenge1/install/challenge1/lib/challenge1
[0.585s] Installing signal_generator script to /home/brunene/MR_challenge1/install/challenge1/lib/challenge1
[0.585s] writing list of installed files to '/home/brunene/MR_challenge1/build/challenge1/install.log'
[0.604s] Invoked command in '/home/brunene/MR_challenge1/src/challenge1' returned '0': CONDA_PROMPT_MODIFIER=(base) PYTHONPATH=/home/brunene/MR_challenge1/build/challenge1/prefix_override:/usr/lib/python3/dist-packages/colcon_core/task/python/colcon_distutils_commands:/home/brunene/MR_challenge1/install/challenge1/lib/python3.10/site-packages:${PYTHONPATH} /usr/bin/python3 -W ignore:setup.py install is deprecated -W ignore:easy_install command is deprecated setup.py egg_info --egg-base ../../build/challenge1 build --build-base /home/brunene/MR_challenge1/build/challenge1/build install --record /home/brunene/MR_challenge1/build/challenge1/install.log --single-version-externally-managed install_data
